mode: atomic
github.com/anz-bank/sysl-catalog/pkg/catalog/redoc.go:43.40,49.16 4 3
github.com/anz-bank/sysl-catalog/pkg/catalog/redoc.go:52.2,52.20 1 3
github.com/anz-bank/sysl-catalog/pkg/catalog/redoc.go:49.16,51.3 1 0
github.com/anz-bank/sysl-catalog/pkg/catalog/server.go:19.70,24.96 4 0
github.com/anz-bank/sysl-catalog/pkg/catalog/server.go:29.2,29.27 1 0
github.com/anz-bank/sysl-catalog/pkg/catalog/server.go:37.2,38.10 2 0
github.com/anz-bank/sysl-catalog/pkg/catalog/server.go:24.96,26.3 1 0
github.com/anz-bank/sysl-catalog/pkg/catalog/server.go:26.8,28.3 1 0
github.com/anz-bank/sysl-catalog/pkg/catalog/server.go:29.27,30.20 1 0
github.com/anz-bank/sysl-catalog/pkg/catalog/server.go:33.3,33.17 1 0
github.com/anz-bank/sysl-catalog/pkg/catalog/server.go:30.20,32.4 1 0
github.com/anz-bank/sysl-catalog/pkg/catalog/server.go:33.17,35.4 1 0
github.com/anz-bank/sysl-catalog/pkg/catalog/server.go:42.87,50.2 7 0
github.com/anz-bank/sysl-catalog/pkg/catalog/server.go:53.71,59.15 2 0
github.com/anz-bank/sysl-catalog/pkg/catalog/server.go:64.2,64.15 1 0
github.com/anz-bank/sysl-catalog/pkg/catalog/server.go:69.2,70.56 2 0
github.com/anz-bank/sysl-catalog/pkg/catalog/server.go:74.2,74.48 1 0
github.com/anz-bank/sysl-catalog/pkg/catalog/server.go:77.2,77.17 1 0
github.com/anz-bank/sysl-catalog/pkg/catalog/server.go:88.2,88.27 1 0
github.com/anz-bank/sysl-catalog/pkg/catalog/server.go:128.2,129.16 2 0
github.com/anz-bank/sysl-catalog/pkg/catalog/server.go:137.2,138.19 2 0
github.com/anz-bank/sysl-catalog/pkg/catalog/server.go:142.2,142.18 1 0
github.com/anz-bank/sysl-catalog/pkg/catalog/server.go:151.2,151.20 1 0
github.com/anz-bank/sysl-catalog/pkg/catalog/server.go:59.15,60.43 1 0
github.com/anz-bank/sysl-catalog/pkg/catalog/server.go:60.43,62.4 1 0
github.com/anz-bank/sysl-catalog/pkg/catalog/server.go:64.15,65.22 1 0
github.com/anz-bank/sysl-catalog/pkg/catalog/server.go:65.22,67.4 1 0
github.com/anz-bank/sysl-catalog/pkg/catalog/server.go:70.56,73.3 2 0
github.com/anz-bank/sysl-catalog/pkg/catalog/server.go:74.48,76.3 1 0
github.com/anz-bank/sysl-catalog/pkg/catalog/server.go:78.33,80.9 2 0
github.com/anz-bank/sysl-catalog/pkg/catalog/server.go:81.31,83.9 2 0
github.com/anz-bank/sysl-catalog/pkg/catalog/server.go:84.29,86.9 2 0
github.com/anz-bank/sysl-catalog/pkg/catalog/server.go:89.14,92.17 3 0
github.com/anz-bank/sysl-catalog/pkg/catalog/server.go:95.3,96.64 2 0
github.com/anz-bank/sysl-catalog/pkg/catalog/server.go:101.3,104.17 4 0
github.com/anz-bank/sysl-catalog/pkg/catalog/server.go:107.3,110.9 4 0
github.com/anz-bank/sysl-catalog/pkg/catalog/server.go:111.14,113.17 2 0
github.com/anz-bank/sysl-catalog/pkg/catalog/server.go:117.3,117.9 1 0
github.com/anz-bank/sysl-catalog/pkg/catalog/server.go:118.33,120.17 2 0
github.com/anz-bank/sysl-catalog/pkg/catalog/server.go:124.3,124.9 1 0
github.com/anz-bank/sysl-catalog/pkg/catalog/server.go:125.10,126.26 1 0
github.com/anz-bank/sysl-catalog/pkg/catalog/server.go:92.17,94.4 1 0
github.com/anz-bank/sysl-catalog/pkg/catalog/server.go:96.64,100.4 3 0
github.com/anz-bank/sysl-catalog/pkg/catalog/server.go:104.17,106.4 1 0
github.com/anz-bank/sysl-catalog/pkg/catalog/server.go:113.17,116.4 2 0
github.com/anz-bank/sysl-catalog/pkg/catalog/server.go:120.17,123.4 2 0
github.com/anz-bank/sysl-catalog/pkg/catalog/server.go:129.16,130.70 1 0
github.com/anz-bank/sysl-catalog/pkg/catalog/server.go:133.3,135.9 3 0
github.com/anz-bank/sysl-catalog/pkg/catalog/server.go:130.70,132.4 1 0
github.com/anz-bank/sysl-catalog/pkg/catalog/server.go:138.19,141.3 2 0
github.com/anz-bank/sysl-catalog/pkg/catalog/server.go:143.14,145.19 2 0
github.com/anz-bank/sysl-catalog/pkg/catalog/server.go:148.10,149.37 1 0
github.com/anz-bank/sysl-catalog/pkg/catalog/server.go:145.19,147.4 1 0
github.com/anz-bank/sysl-catalog/pkg/catalog/server.go:154.47,160.2 1 0
github.com/anz-bank/sysl-catalog/pkg/catalog/server.go:162.40,164.2 1 0
github.com/anz-bank/sysl-catalog/pkg/catalog/spec.go:13.53,16.46 3 12
github.com/anz-bank/sysl-catalog/pkg/catalog/spec.go:19.2,19.14 1 4
github.com/anz-bank/sysl-catalog/pkg/catalog/spec.go:16.46,18.3 1 8
github.com/anz-bank/sysl-catalog/pkg/catalog/spec.go:24.63,28.2 3 6
github.com/anz-bank/sysl-catalog/pkg/catalog/spec.go:32.41,35.16 3 32
github.com/anz-bank/sysl-catalog/pkg/catalog/spec.go:39.2,39.41 1 32
github.com/anz-bank/sysl-catalog/pkg/catalog/spec.go:35.16,38.3 1 0
github.com/anz-bank/sysl-catalog/pkg/catalog/spec.go:43.42,47.2 3 34
github.com/anz-bank/sysl-catalog/pkg/catalog/spec.go:52.56,54.16 2 2
github.com/anz-bank/sysl-catalog/pkg/catalog/spec.go:57.2,57.18 1 2
github.com/anz-bank/sysl-catalog/pkg/catalog/spec.go:67.2,67.15 1 2
github.com/anz-bank/sysl-catalog/pkg/catalog/spec.go:54.16,55.13 1 0
github.com/anz-bank/sysl-catalog/pkg/catalog/spec.go:58.20,61.24 3 1
github.com/anz-bank/sysl-catalog/pkg/catalog/spec.go:62.10,65.24 2 1
github.com/anz-bank/sysl-catalog/pkg/catalog/spec.go:72.48,74.16 2 34
github.com/anz-bank/sysl-catalog/pkg/catalog/spec.go:77.2,78.21 2 34
github.com/anz-bank/sysl-catalog/pkg/catalog/spec.go:74.16,75.13 1 0
github.com/anz-bank/sysl-catalog/pkg/catalog/util.go:35.42,37.2 1 135
github.com/anz-bank/sysl-catalog/pkg/catalog/util.go:41.37,45.38 4 0
github.com/anz-bank/sysl-catalog/pkg/catalog/util.go:48.2,48.17 1 0
github.com/anz-bank/sysl-catalog/pkg/catalog/util.go:45.38,47.3 1 0
github.com/anz-bank/sysl-catalog/pkg/catalog/util.go:50.41,53.25 3 77
github.com/anz-bank/sysl-catalog/pkg/catalog/util.go:56.2,57.12 2 77
github.com/anz-bank/sysl-catalog/pkg/catalog/util.go:53.25,55.3 1 104
github.com/anz-bank/sysl-catalog/pkg/catalog/util.go:61.54,73.2 1 38
github.com/anz-bank/sysl-catalog/pkg/catalog/util.go:76.68,77.15 1 124
github.com/anz-bank/sysl-catalog/pkg/catalog/util.go:80.2,80.13 1 59
github.com/anz-bank/sysl-catalog/pkg/catalog/util.go:77.15,79.3 1 65
github.com/anz-bank/sysl-catalog/pkg/catalog/util.go:84.76,89.27 5 13
github.com/anz-bank/sysl-catalog/pkg/catalog/util.go:92.2,92.22 1 13
github.com/anz-bank/sysl-catalog/pkg/catalog/util.go:95.2,95.39 1 13
github.com/anz-bank/sysl-catalog/pkg/catalog/util.go:100.2,100.12 1 13
github.com/anz-bank/sysl-catalog/pkg/catalog/util.go:89.27,91.3 1 17
github.com/anz-bank/sysl-catalog/pkg/catalog/util.go:92.22,94.3 1 0
github.com/anz-bank/sysl-catalog/pkg/catalog/util.go:95.39,99.3 1 13
github.com/anz-bank/sysl-catalog/pkg/catalog/util.go:104.75,106.33 2 0
github.com/anz-bank/sysl-catalog/pkg/catalog/util.go:114.2,114.12 1 0
github.com/anz-bank/sysl-catalog/pkg/catalog/util.go:106.33,107.35 1 0
github.com/anz-bank/sysl-catalog/pkg/catalog/util.go:107.35,108.42 1 0
github.com/anz-bank/sysl-catalog/pkg/catalog/util.go:108.42,110.5 1 0
github.com/anz-bank/sysl-catalog/pkg/catalog/util.go:121.45,122.60 1 37
github.com/anz-bank/sysl-catalog/pkg/catalog/util.go:125.2,125.11 1 22
github.com/anz-bank/sysl-catalog/pkg/catalog/util.go:122.60,124.3 1 15
github.com/anz-bank/sysl-catalog/pkg/catalog/util.go:128.37,138.28 3 7
github.com/anz-bank/sysl-catalog/pkg/catalog/util.go:141.2,141.37 1 7
github.com/anz-bank/sysl-catalog/pkg/catalog/util.go:148.2,149.28 2 7
github.com/anz-bank/sysl-catalog/pkg/catalog/util.go:154.2,154.26 1 7
github.com/anz-bank/sysl-catalog/pkg/catalog/util.go:138.28,140.3 1 42
github.com/anz-bank/sysl-catalog/pkg/catalog/util.go:141.37,143.39 2 16
github.com/anz-bank/sysl-catalog/pkg/catalog/util.go:143.39,145.4 1 14
github.com/anz-bank/sysl-catalog/pkg/catalog/util.go:149.28,150.53 1 42
github.com/anz-bank/sysl-catalog/pkg/catalog/util.go:150.53,152.4 1 14
github.com/anz-bank/sysl-catalog/pkg/catalog/util.go:157.49,158.41 1 8
github.com/anz-bank/sysl-catalog/pkg/catalog/util.go:161.2,161.12 1 0
github.com/anz-bank/sysl-catalog/pkg/catalog/util.go:158.41,160.3 1 8
github.com/anz-bank/sysl-catalog/pkg/catalog/util.go:164.37,166.29 2 4
github.com/anz-bank/sysl-catalog/pkg/catalog/util.go:169.2,169.28 1 1
github.com/anz-bank/sysl-catalog/pkg/catalog/util.go:172.2,172.28 1 1
github.com/anz-bank/sysl-catalog/pkg/catalog/util.go:175.2,175.20 1 0
github.com/anz-bank/sysl-catalog/pkg/catalog/util.go:178.2,178.19 1 0
github.com/anz-bank/sysl-catalog/pkg/catalog/util.go:166.29,168.3 1 3
github.com/anz-bank/sysl-catalog/pkg/catalog/util.go:169.28,171.3 1 0
github.com/anz-bank/sysl-catalog/pkg/catalog/util.go:172.28,174.3 1 1
github.com/anz-bank/sysl-catalog/pkg/catalog/util.go:175.20,177.3 1 0
github.com/anz-bank/sysl-catalog/pkg/catalog/util.go:187.50,190.50 3 35
github.com/anz-bank/sysl-catalog/pkg/catalog/util.go:193.2,193.29 1 35
github.com/anz-bank/sysl-catalog/pkg/catalog/util.go:190.50,192.3 1 5
github.com/anz-bank/sysl-catalog/pkg/catalog/util.go:196.53,199.58 3 30
github.com/anz-bank/sysl-catalog/pkg/catalog/util.go:202.2,202.20 1 25
github.com/anz-bank/sysl-catalog/pkg/catalog/util.go:199.58,201.3 1 5
github.com/anz-bank/sysl-catalog/pkg/catalog/util.go:206.47,207.46 1 4
github.com/anz-bank/sysl-catalog/pkg/catalog/util.go:211.2,211.11 1 0
github.com/anz-bank/sysl-catalog/pkg/catalog/util.go:207.46,210.3 2 4
github.com/anz-bank/sysl-catalog/pkg/catalog/util.go:215.62,217.23 2 0
github.com/anz-bank/sysl-catalog/pkg/catalog/util.go:228.2,228.12 1 0
github.com/anz-bank/sysl-catalog/pkg/catalog/util.go:217.23,218.27 1 0
github.com/anz-bank/sysl-catalog/pkg/catalog/util.go:218.27,220.14 2 0
github.com/anz-bank/sysl-catalog/pkg/catalog/util.go:224.4,224.22 1 0
github.com/anz-bank/sysl-catalog/pkg/catalog/util.go:220.14,223.5 2 0
github.com/anz-bank/sysl-catalog/pkg/catalog/util.go:232.56,234.23 2 17
github.com/anz-bank/sysl-catalog/pkg/catalog/util.go:239.2,239.12 1 17
github.com/anz-bank/sysl-catalog/pkg/catalog/util.go:234.23,235.11 1 26
github.com/anz-bank/sysl-catalog/pkg/catalog/util.go:235.11,237.4 1 0
github.com/anz-bank/sysl-catalog/pkg/catalog/util.go:242.45,244.23 2 0
github.com/anz-bank/sysl-catalog/pkg/catalog/util.go:247.2,247.12 1 0
github.com/anz-bank/sysl-catalog/pkg/catalog/util.go:244.23,246.3 1 0
github.com/anz-bank/sysl-catalog/pkg/catalog/util.go:251.51,256.16 5 40
github.com/anz-bank/sysl-catalog/pkg/catalog/util.go:259.2,259.34 1 40
github.com/anz-bank/sysl-catalog/pkg/catalog/util.go:256.16,258.3 1 0
github.com/anz-bank/sysl-catalog/pkg/catalog/util.go:263.68,265.16 2 60
github.com/anz-bank/sysl-catalog/pkg/catalog/util.go:268.2,268.69 1 60
github.com/anz-bank/sysl-catalog/pkg/catalog/util.go:265.16,267.3 1 0
github.com/anz-bank/sysl-catalog/pkg/catalog/util.go:271.58,272.69 1 40
github.com/anz-bank/sysl-catalog/pkg/catalog/util.go:275.2,276.16 2 40
github.com/anz-bank/sysl-catalog/pkg/catalog/util.go:279.2,279.72 1 40
github.com/anz-bank/sysl-catalog/pkg/catalog/util.go:282.2,282.12 1 40
github.com/anz-bank/sysl-catalog/pkg/catalog/util.go:272.69,274.3 1 0
github.com/anz-bank/sysl-catalog/pkg/catalog/util.go:276.16,278.3 1 0
github.com/anz-bank/sysl-catalog/pkg/catalog/util.go:279.72,281.3 1 0
github.com/anz-bank/sysl-catalog/pkg/catalog/util.go:285.76,287.69 2 0
github.com/anz-bank/sysl-catalog/pkg/catalog/util.go:290.2,290.85 1 0
github.com/anz-bank/sysl-catalog/pkg/catalog/util.go:293.2,293.12 1 0
github.com/anz-bank/sysl-catalog/pkg/catalog/util.go:287.69,289.3 1 0
github.com/anz-bank/sysl-catalog/pkg/catalog/util.go:290.85,292.3 1 0
github.com/anz-bank/sysl-catalog/pkg/catalog/util.go:296.46,303.2 6 0
github.com/anz-bank/sysl-catalog/pkg/catalog/util.go:305.55,311.33 6 0
github.com/anz-bank/sysl-catalog/pkg/catalog/util.go:314.2,314.30 1 0
github.com/anz-bank/sysl-catalog/pkg/catalog/util.go:317.2,319.30 3 0
github.com/anz-bank/sysl-catalog/pkg/catalog/util.go:311.33,313.3 1 0
github.com/anz-bank/sysl-catalog/pkg/catalog/util.go:314.30,316.3 1 0
github.com/anz-bank/sysl-catalog/pkg/catalog/util.go:323.86,326.16 3 0
github.com/anz-bank/sysl-catalog/pkg/catalog/util.go:329.2,329.12 1 0
github.com/anz-bank/sysl-catalog/pkg/catalog/util.go:326.16,328.3 1 0
github.com/anz-bank/sysl-catalog/pkg/catalog/util.go:333.80,336.16 3 2
github.com/anz-bank/sysl-catalog/pkg/catalog/util.go:339.2,339.12 1 2
github.com/anz-bank/sysl-catalog/pkg/catalog/util.go:336.16,338.3 1 0
github.com/anz-bank/sysl-catalog/pkg/catalog/util.go:343.73,352.2 3 10
github.com/anz-bank/sysl-catalog/pkg/catalog/util.go:360.68,363.71 3 20
github.com/anz-bank/sysl-catalog/pkg/catalog/util.go:366.2,366.27 1 15
github.com/anz-bank/sysl-catalog/pkg/catalog/util.go:377.2,377.26 1 15
github.com/anz-bank/sysl-catalog/pkg/catalog/util.go:363.71,365.3 1 5
github.com/anz-bank/sysl-catalog/pkg/catalog/util.go:366.27,368.27 2 5
github.com/anz-bank/sysl-catalog/pkg/catalog/util.go:368.27,371.4 2 1
github.com/anz-bank/sysl-catalog/pkg/catalog/util.go:371.9,373.4 1 4
github.com/anz-bank/sysl-catalog/pkg/catalog/util.go:374.8,376.3 1 10
github.com/anz-bank/sysl-catalog/pkg/catalog/diagram.go:43.102,45.43 2 8
github.com/anz-bank/sysl-catalog/pkg/catalog/diagram.go:48.2,48.77 1 8
github.com/anz-bank/sysl-catalog/pkg/catalog/diagram.go:51.2,52.16 2 8
github.com/anz-bank/sysl-catalog/pkg/catalog/diagram.go:55.2,57.41 3 8
github.com/anz-bank/sysl-catalog/pkg/catalog/diagram.go:71.2,71.40 1 8
github.com/anz-bank/sysl-catalog/pkg/catalog/diagram.go:74.2,74.12 1 8
github.com/anz-bank/sysl-catalog/pkg/catalog/diagram.go:45.43,47.3 1 0
github.com/anz-bank/sysl-catalog/pkg/catalog/diagram.go:48.77,50.3 1 0
github.com/anz-bank/sysl-catalog/pkg/catalog/diagram.go:52.16,54.3 1 0
github.com/anz-bank/sysl-catalog/pkg/catalog/diagram.go:57.41,64.53 2 0
github.com/anz-bank/sysl-catalog/pkg/catalog/diagram.go:67.3,69.47 3 0
github.com/anz-bank/sysl-catalog/pkg/catalog/diagram.go:64.53,66.4 1 0
github.com/anz-bank/sysl-catalog/pkg/catalog/diagram.go:71.40,73.3 1 0
github.com/anz-bank/sysl-catalog/pkg/catalog/diagram.go:76.93,77.15 1 12
github.com/anz-bank/sysl-catalog/pkg/catalog/diagram.go:80.2,80.58 1 12
github.com/anz-bank/sysl-catalog/pkg/catalog/diagram.go:77.15,79.3 1 0
github.com/anz-bank/sysl-catalog/pkg/catalog/diagram.go:84.100,86.2 1 0
github.com/anz-bank/sysl-catalog/pkg/catalog/diagram.go:89.101,105.16 13 13
github.com/anz-bank/sysl-catalog/pkg/catalog/diagram.go:109.2,110.73 2 13
github.com/anz-bank/sysl-catalog/pkg/catalog/diagram.go:105.16,108.3 2 0
github.com/anz-bank/sysl-catalog/pkg/catalog/diagram.go:114.91,118.16 4 10
github.com/anz-bank/sysl-catalog/pkg/catalog/diagram.go:123.2,123.82 1 10
github.com/anz-bank/sysl-catalog/pkg/catalog/diagram.go:118.16,122.3 3 0
github.com/anz-bank/sysl-catalog/pkg/catalog/diagram.go:132.85,137.25 5 20
github.com/anz-bank/sysl-catalog/pkg/catalog/diagram.go:140.2,140.19 1 20
github.com/anz-bank/sysl-catalog/pkg/catalog/diagram.go:143.2,143.28 1 20
github.com/anz-bank/sysl-catalog/pkg/catalog/diagram.go:148.2,148.100 1 20
github.com/anz-bank/sysl-catalog/pkg/catalog/diagram.go:137.25,139.3 1 0
github.com/anz-bank/sysl-catalog/pkg/catalog/diagram.go:140.19,142.3 1 14
github.com/anz-bank/sysl-catalog/pkg/catalog/diagram.go:143.28,145.3 1 5
github.com/anz-bank/sysl-catalog/pkg/catalog/diagram.go:145.8,147.3 1 15
github.com/anz-bank/sysl-catalog/pkg/catalog/diagram.go:152.87,155.19 3 0
github.com/anz-bank/sysl-catalog/pkg/catalog/diagram.go:158.2,158.56 1 0
github.com/anz-bank/sysl-catalog/pkg/catalog/diagram.go:155.19,157.3 1 0
github.com/anz-bank/sysl-catalog/pkg/catalog/diagram.go:162.94,165.16 3 5
github.com/anz-bank/sysl-catalog/pkg/catalog/diagram.go:168.2,169.40 2 5
github.com/anz-bank/sysl-catalog/pkg/catalog/diagram.go:172.2,172.52 1 5
github.com/anz-bank/sysl-catalog/pkg/catalog/diagram.go:178.2,178.19 1 5
github.com/anz-bank/sysl-catalog/pkg/catalog/diagram.go:181.2,181.61 1 5
github.com/anz-bank/sysl-catalog/pkg/catalog/diagram.go:165.16,167.3 1 0
github.com/anz-bank/sysl-catalog/pkg/catalog/diagram.go:169.40,171.3 1 0
github.com/anz-bank/sysl-catalog/pkg/catalog/diagram.go:172.52,175.3 2 0
github.com/anz-bank/sysl-catalog/pkg/catalog/diagram.go:175.8,177.3 1 5
github.com/anz-bank/sysl-catalog/pkg/catalog/diagram.go:178.19,180.3 1 5
github.com/anz-bank/sysl-catalog/pkg/catalog/diagram.go:185.114,190.16 5 13
github.com/anz-bank/sysl-catalog/pkg/catalog/diagram.go:193.2,194.40 2 9
github.com/anz-bank/sysl-catalog/pkg/catalog/diagram.go:198.2,198.52 1 9
github.com/anz-bank/sysl-catalog/pkg/catalog/diagram.go:205.2,205.14 1 9
github.com/anz-bank/sysl-catalog/pkg/catalog/diagram.go:223.2,223.46 1 9
github.com/anz-bank/sysl-catalog/pkg/catalog/diagram.go:226.2,226.39 1 9
github.com/anz-bank/sysl-catalog/pkg/catalog/diagram.go:232.2,232.70 1 9
github.com/anz-bank/sysl-catalog/pkg/catalog/diagram.go:190.16,192.3 1 4
github.com/anz-bank/sysl-catalog/pkg/catalog/diagram.go:194.40,197.3 2 2
github.com/anz-bank/sysl-catalog/pkg/catalog/diagram.go:198.52,201.3 2 0
github.com/anz-bank/sysl-catalog/pkg/catalog/diagram.go:201.8,204.3 2 9
github.com/anz-bank/sysl-catalog/pkg/catalog/diagram.go:205.14,220.3 5 2
github.com/anz-bank/sysl-catalog/pkg/catalog/diagram.go:220.8,222.3 1 7
github.com/anz-bank/sysl-catalog/pkg/catalog/diagram.go:223.46,225.3 1 0
github.com/anz-bank/sysl-catalog/pkg/catalog/diagram.go:226.39,229.3 2 1
github.com/anz-bank/sysl-catalog/pkg/catalog/diagram.go:229.8,231.3 1 8
github.com/anz-bank/sysl-catalog/pkg/catalog/diagram.go:237.109,239.2 1 19
github.com/anz-bank/sysl-catalog/pkg/catalog/diagram.go:241.120,244.15 3 39
github.com/anz-bank/sysl-catalog/pkg/catalog/diagram.go:265.2,270.80 1 37
github.com/anz-bank/sysl-catalog/pkg/catalog/diagram.go:244.15,252.52 3 29
github.com/anz-bank/sysl-catalog/pkg/catalog/diagram.go:256.3,256.29 1 29
github.com/anz-bank/sysl-catalog/pkg/catalog/diagram.go:252.52,254.4 1 0
github.com/anz-bank/sysl-catalog/pkg/catalog/diagram.go:256.29,258.4 1 2
github.com/anz-bank/sysl-catalog/pkg/catalog/diagram.go:259.8,264.3 1 10
github.com/anz-bank/sysl-catalog/pkg/catalog/diagram.go:274.67,276.26 2 68
github.com/anz-bank/sysl-catalog/pkg/catalog/diagram.go:284.2,284.15 1 68
github.com/anz-bank/sysl-catalog/pkg/catalog/diagram.go:287.2,287.46 1 68
github.com/anz-bank/sysl-catalog/pkg/catalog/diagram.go:276.26,277.24 1 115
github.com/anz-bank/sysl-catalog/pkg/catalog/diagram.go:282.3,282.72 1 47
github.com/anz-bank/sysl-catalog/pkg/catalog/diagram.go:277.24,280.9 3 68
github.com/anz-bank/sysl-catalog/pkg/catalog/diagram.go:284.15,286.3 1 42
github.com/anz-bank/sysl-catalog/pkg/catalog/diagram.go:291.91,292.47 1 7
github.com/anz-bank/sysl-catalog/pkg/catalog/diagram.go:295.2,299.16 5 4
github.com/anz-bank/sysl-catalog/pkg/catalog/diagram.go:302.2,303.13 2 4
github.com/anz-bank/sysl-catalog/pkg/catalog/diagram.go:292.47,294.3 1 3
github.com/anz-bank/sysl-catalog/pkg/catalog/diagram.go:299.16,301.3 1 0
github.com/anz-bank/sysl-catalog/pkg/catalog/diagram.go:306.28,309.21 3 0
github.com/anz-bank/sysl-catalog/pkg/catalog/diagram.go:312.2,312.12 1 0
github.com/anz-bank/sysl-catalog/pkg/catalog/diagram.go:309.21,311.3 1 0
github.com/anz-bank/sysl-catalog/pkg/catalog/diagram.go:316.90,322.21 6 60
github.com/anz-bank/sysl-catalog/pkg/catalog/diagram.go:337.2,337.16 1 60
github.com/anz-bank/sysl-catalog/pkg/catalog/diagram.go:342.2,343.20 2 60
github.com/anz-bank/sysl-catalog/pkg/catalog/diagram.go:352.2,354.92 2 60
github.com/anz-bank/sysl-catalog/pkg/catalog/diagram.go:357.2,357.23 1 60
github.com/anz-bank/sysl-catalog/pkg/catalog/diagram.go:364.2,367.56 4 60
github.com/anz-bank/sysl-catalog/pkg/catalog/diagram.go:323.16,324.51 1 60
github.com/anz-bank/sysl-catalog/pkg/catalog/diagram.go:327.3,329.17 3 60
github.com/anz-bank/sysl-catalog/pkg/catalog/diagram.go:330.17,333.17 3 0
github.com/anz-bank/sysl-catalog/pkg/catalog/diagram.go:334.10,335.40 1 0
github.com/anz-bank/sysl-catalog/pkg/catalog/diagram.go:324.51,326.4 1 60
github.com/anz-bank/sysl-catalog/pkg/catalog/diagram.go:337.16,341.3 3 0
github.com/anz-bank/sysl-catalog/pkg/catalog/diagram.go:343.20,347.33 4 60
github.com/anz-bank/sysl-catalog/pkg/catalog/diagram.go:350.3,350.78 1 0
github.com/anz-bank/sysl-catalog/pkg/catalog/diagram.go:347.33,348.9 1 60
github.com/anz-bank/sysl-catalog/pkg/catalog/diagram.go:354.92,356.3 1 0
github.com/anz-bank/sysl-catalog/pkg/catalog/diagram.go:357.23,363.3 5 0
github.com/anz-bank/sysl-catalog/pkg/catalog/diagram.go:371.69,374.51 3 0
github.com/anz-bank/sysl-catalog/pkg/catalog/diagram.go:377.2,377.71 1 0
github.com/anz-bank/sysl-catalog/pkg/catalog/diagram.go:374.51,376.3 1 0
github.com/anz-bank/sysl-catalog/pkg/catalog/diagram.go:380.90,383.23 1 17
github.com/anz-bank/sysl-catalog/pkg/catalog/diagram.go:388.2,388.31 1 17
github.com/anz-bank/sysl-catalog/pkg/catalog/diagram.go:401.2,401.17 1 17
github.com/anz-bank/sysl-catalog/pkg/catalog/diagram.go:383.23,386.4 1 26
github.com/anz-bank/sysl-catalog/pkg/catalog/diagram.go:388.31,391.40 3 0
github.com/anz-bank/sysl-catalog/pkg/catalog/diagram.go:399.3,399.47 1 0
github.com/anz-bank/sysl-catalog/pkg/catalog/diagram.go:391.40,392.51 1 0
github.com/anz-bank/sysl-catalog/pkg/catalog/diagram.go:395.4,395.35 1 0
github.com/anz-bank/sysl-catalog/pkg/catalog/diagram.go:392.51,393.13 1 0
github.com/anz-bank/sysl-catalog/pkg/catalog/diagram.go:395.35,397.5 1 0
github.com/anz-bank/sysl-catalog/pkg/catalog/diagram.go:414.82,417.46 3 13
github.com/anz-bank/sysl-catalog/pkg/catalog/diagram.go:439.2,439.17 1 13
github.com/anz-bank/sysl-catalog/pkg/catalog/diagram.go:417.46,420.24 3 21
github.com/anz-bank/sysl-catalog/pkg/catalog/diagram.go:424.3,425.66 2 21
github.com/anz-bank/sysl-catalog/pkg/catalog/diagram.go:428.3,428.102 1 0
github.com/anz-bank/sysl-catalog/pkg/catalog/diagram.go:431.3,431.46 1 0
github.com/anz-bank/sysl-catalog/pkg/catalog/diagram.go:434.3,434.46 1 0
github.com/anz-bank/sysl-catalog/pkg/catalog/diagram.go:437.3,437.87 1 0
github.com/anz-bank/sysl-catalog/pkg/catalog/diagram.go:420.24,422.4 1 0
github.com/anz-bank/sysl-catalog/pkg/catalog/diagram.go:425.66,426.12 1 21
github.com/anz-bank/sysl-catalog/pkg/catalog/diagram.go:428.102,429.12 1 0
github.com/anz-bank/sysl-catalog/pkg/catalog/diagram.go:431.46,433.4 1 0
github.com/anz-bank/sysl-catalog/pkg/catalog/diagram.go:434.46,436.4 1 0
github.com/anz-bank/sysl-catalog/pkg/catalog/diagram.go:443.65,446.60 3 0
github.com/anz-bank/sysl-catalog/pkg/catalog/diagram.go:462.2,462.34 1 0
github.com/anz-bank/sysl-catalog/pkg/catalog/diagram.go:446.60,457.17 9 0
github.com/anz-bank/sysl-catalog/pkg/catalog/diagram.go:457.17,460.4 2 0
github.com/anz-bank/sysl-catalog/pkg/catalog/diagram.go:465.37,468.2 2 4
github.com/anz-bank/sysl-catalog/pkg/catalog/diagram.go:471.55,474.46 3 4
github.com/anz-bank/sysl-catalog/pkg/catalog/diagram.go:482.2,482.34 1 4
github.com/anz-bank/sysl-catalog/pkg/catalog/diagram.go:474.46,478.96 4 4
github.com/anz-bank/sysl-catalog/pkg/catalog/diagram.go:478.96,480.4 1 0
github.com/anz-bank/sysl-catalog/pkg/catalog/diagram.go:486.78,489.46 3 4
github.com/anz-bank/sysl-catalog/pkg/catalog/diagram.go:507.2,507.17 1 4
github.com/anz-bank/sysl-catalog/pkg/catalog/diagram.go:489.46,492.24 3 5
github.com/anz-bank/sysl-catalog/pkg/catalog/diagram.go:495.3,495.79 1 5
github.com/anz-bank/sysl-catalog/pkg/catalog/diagram.go:498.3,499.102 2 5
github.com/anz-bank/sysl-catalog/pkg/catalog/diagram.go:502.3,502.42 1 5
github.com/anz-bank/sysl-catalog/pkg/catalog/diagram.go:505.3,505.83 1 5
github.com/anz-bank/sysl-catalog/pkg/catalog/diagram.go:492.24,494.4 1 0
github.com/anz-bank/sysl-catalog/pkg/catalog/diagram.go:495.79,496.12 1 0
github.com/anz-bank/sysl-catalog/pkg/catalog/diagram.go:499.102,500.12 1 0
github.com/anz-bank/sysl-catalog/pkg/catalog/diagram.go:502.42,504.4 1 4
github.com/anz-bank/sysl-catalog/pkg/catalog/generator.go:84.54,90.16 2 28
github.com/anz-bank/sysl-catalog/pkg/catalog/generator.go:93.2,93.19 1 28
github.com/anz-bank/sysl-catalog/pkg/catalog/generator.go:90.16,92.3 1 0
github.com/anz-bank/sysl-catalog/pkg/catalog/generator.go:96.57,100.46 1 33
github.com/anz-bank/sysl-catalog/pkg/catalog/generator.go:109.2,109.45 1 33
github.com/anz-bank/sysl-catalog/pkg/catalog/generator.go:125.2,126.16 2 32
github.com/anz-bank/sysl-catalog/pkg/catalog/generator.go:129.2,129.43 1 32
github.com/anz-bank/sysl-catalog/pkg/catalog/generator.go:100.46,102.17 2 33
github.com/anz-bank/sysl-catalog/pkg/catalog/generator.go:105.3,106.26 2 33
github.com/anz-bank/sysl-catalog/pkg/catalog/generator.go:102.17,103.14 1 0
github.com/anz-bank/sysl-catalog/pkg/catalog/generator.go:109.45,111.17 2 3
github.com/anz-bank/sysl-catalog/pkg/catalog/generator.go:111.17,112.49 1 3
github.com/anz-bank/sysl-catalog/pkg/catalog/generator.go:112.49,116.23 2 2
github.com/anz-bank/sysl-catalog/pkg/catalog/generator.go:116.23,121.6 3 1
github.com/anz-bank/sysl-catalog/pkg/catalog/generator.go:126.16,128.3 1 0
github.com/anz-bank/sysl-catalog/pkg/catalog/generator.go:137.44,153.63 2 13
github.com/anz-bank/sysl-catalog/pkg/catalog/generator.go:156.2,156.87 1 13
github.com/anz-bank/sysl-catalog/pkg/catalog/generator.go:153.63,155.3 1 13
github.com/anz-bank/sysl-catalog/pkg/catalog/generator.go:160.68,161.26 1 13
github.com/anz-bank/sysl-catalog/pkg/catalog/generator.go:169.2,169.10 1 13
github.com/anz-bank/sysl-catalog/pkg/catalog/generator.go:161.26,163.17 2 39
github.com/anz-bank/sysl-catalog/pkg/catalog/generator.go:167.3,167.42 1 39
github.com/anz-bank/sysl-catalog/pkg/catalog/generator.go:163.17,166.4 2 0
github.com/anz-bank/sysl-catalog/pkg/catalog/generator.go:172.81,174.47 2 0
github.com/anz-bank/sysl-catalog/pkg/catalog/generator.go:177.2,177.30 1 0
github.com/anz-bank/sysl-catalog/pkg/catalog/generator.go:185.2,188.39 4 0
github.com/anz-bank/sysl-catalog/pkg/catalog/generator.go:174.47,176.3 1 0
github.com/anz-bank/sysl-catalog/pkg/catalog/generator.go:177.30,179.17 2 0
github.com/anz-bank/sysl-catalog/pkg/catalog/generator.go:183.3,183.39 1 0
github.com/anz-bank/sysl-catalog/pkg/catalog/generator.go:179.17,182.4 2 0
github.com/anz-bank/sysl-catalog/pkg/catalog/generator.go:193.43,200.22 7 2
github.com/anz-bank/sysl-catalog/pkg/catalog/generator.go:203.2,203.10 1 2
github.com/anz-bank/sysl-catalog/pkg/catalog/generator.go:200.22,202.3 1 0
github.com/anz-bank/sysl-catalog/pkg/catalog/generator.go:210.27,214.113 4 4
github.com/anz-bank/sysl-catalog/pkg/catalog/generator.go:218.2,219.15 2 4
github.com/anz-bank/sysl-catalog/pkg/catalog/generator.go:226.2,227.136 2 4
github.com/anz-bank/sysl-catalog/pkg/catalog/generator.go:247.2,247.15 1 4
github.com/anz-bank/sysl-catalog/pkg/catalog/generator.go:267.2,267.13 1 4
github.com/anz-bank/sysl-catalog/pkg/catalog/generator.go:276.2,276.50 1 4
github.com/anz-bank/sysl-catalog/pkg/catalog/generator.go:281.2,281.11 1 4
github.com/anz-bank/sysl-catalog/pkg/catalog/generator.go:214.113,216.3 1 0
github.com/anz-bank/sysl-catalog/pkg/catalog/generator.go:219.15,220.46 1 4
github.com/anz-bank/sysl-catalog/pkg/catalog/generator.go:220.46,223.4 2 4
github.com/anz-bank/sysl-catalog/pkg/catalog/generator.go:227.136,228.41 1 6
github.com/anz-bank/sysl-catalog/pkg/catalog/generator.go:228.41,230.39 2 41
github.com/anz-bank/sysl-catalog/pkg/catalog/generator.go:230.39,232.18 2 41
github.com/anz-bank/sysl-catalog/pkg/catalog/generator.go:234.5,235.19 2 41
github.com/anz-bank/sysl-catalog/pkg/catalog/generator.go:239.5,239.24 1 41
github.com/anz-bank/sysl-catalog/pkg/catalog/generator.go:242.5,242.14 1 41
github.com/anz-bank/sysl-catalog/pkg/catalog/generator.go:232.18,232.35 1 41
github.com/anz-bank/sysl-catalog/pkg/catalog/generator.go:235.19,238.6 2 0
github.com/anz-bank/sysl-catalog/pkg/catalog/generator.go:239.24,241.6 1 41
github.com/anz-bank/sysl-catalog/pkg/catalog/generator.go:247.15,250.3 2 0
github.com/anz-bank/sysl-catalog/pkg/catalog/generator.go:250.8,251.50 1 4
github.com/anz-bank/sysl-catalog/pkg/catalog/generator.go:251.50,252.17 1 0
github.com/anz-bank/sysl-catalog/pkg/catalog/generator.go:252.17,255.72 3 0
github.com/anz-bank/sysl-catalog/pkg/catalog/generator.go:258.5,259.45 2 0
github.com/anz-bank/sysl-catalog/pkg/catalog/generator.go:255.72,257.6 1 0
github.com/anz-bank/sysl-catalog/pkg/catalog/generator.go:261.9,264.4 2 4
github.com/anz-bank/sysl-catalog/pkg/catalog/generator.go:267.13,268.46 1 2
github.com/anz-bank/sysl-catalog/pkg/catalog/generator.go:273.3,273.72 1 2
github.com/anz-bank/sysl-catalog/pkg/catalog/generator.go:268.46,270.4 1 2
github.com/anz-bank/sysl-catalog/pkg/catalog/generator.go:270.9,272.4 1 0
github.com/anz-bank/sysl-catalog/pkg/catalog/generator.go:276.50,279.3 2 0
github.com/anz-bank/sysl-catalog/pkg/catalog/generator.go:285.51,315.46 2 39
github.com/anz-bank/sysl-catalog/pkg/catalog/generator.go:318.2,318.10 1 39
github.com/anz-bank/sysl-catalog/pkg/catalog/generator.go:315.46,317.3 1 5850
github.com/anz-bank/sysl-catalog/pkg/catalog/generator.go:321.47,322.39 1 8
github.com/anz-bank/sysl-catalog/pkg/catalog/generator.go:326.2,326.10 1 8
github.com/anz-bank/sysl-catalog/pkg/catalog/generator.go:322.39,325.3 2 0
github.com/anz-bank/sysl-catalog/pkg/catalog/generator.go:329.40,331.2 1 0
github.com/anz-bank/sysl-catalog/pkg/catalog/generator.go:333.45,334.24 1 1
github.com/anz-bank/sysl-catalog/pkg/catalog/generator.go:338.2,338.10 1 1
github.com/anz-bank/sysl-catalog/pkg/catalog/generator.go:334.24,337.3 2 1
